{"E:\\IT_and_programing\\Frontend\\8.0_Homeworks\\Task_7.2\\dist\\js\\app.js": {"path":"E:\\IT_and_programing\\Frontend\\8.0_Homeworks\\Task_7.2\\dist\\js\\app.js","statementMap":{"0":{"start":{"line":1,"column":0},"end":{"line":1,"column":45}},"1":{"start":{"line":3,"column":0},"end":{"line":3,"column":42}},"2":{"start":{"line":5,"column":0},"end":{"line":5,"column":46}},"3":{"start":{"line":7,"column":0},"end":{"line":7,"column":45}},"4":{"start":{"line":9,"column":0},"end":{"line":11,"column":3}},"5":{"start":{"line":12,"column":0},"end":{"line":12,"column":31}},"6":{"start":{"line":16,"column":2},"end":{"line":18,"column":3}},"7":{"start":{"line":17,"column":4},"end":{"line":17,"column":33}},"8":{"start":{"line":20,"column":17},"end":{"line":20,"column":50}},"9":{"start":{"line":22,"column":2},"end":{"line":25,"column":3}},"10":{"start":{"line":24,"column":4},"end":{"line":24,"column":50}},"11":{"start":{"line":27,"column":2},"end":{"line":27,"column":16}}},"fnMap":{"0":{"name":"getTelNumber","decl":{"start":{"line":14,"column":9},"end":{"line":14,"column":21}},"loc":{"start":{"line":14,"column":27},"end":{"line":28,"column":1}},"line":14}},"branchMap":{"0":{"loc":{"start":{"line":16,"column":2},"end":{"line":18,"column":3}},"type":"if","locations":[{"start":{"line":16,"column":2},"end":{"line":18,"column":3}},{"start":{"line":16,"column":2},"end":{"line":18,"column":3}}],"line":16},"1":{"loc":{"start":{"line":22,"column":2},"end":{"line":25,"column":3}},"type":"if","locations":[{"start":{"line":22,"column":2},"end":{"line":25,"column":3}},{"start":{"line":22,"column":2},"end":{"line":25,"column":3}}],"line":22}},"s":{"0":1,"1":1,"2":1,"3":1,"4":1,"5":1,"6":4,"7":1,"8":3,"9":3,"10":1,"11":2},"f":{"0":4},"b":{"0":[1,3],"1":[1,2]},"_coverageSchema":"1a1c01bbd47fc00a2c39e90264f33305004495a9","hash":"94cf8aafb3140d93e573b09c7056ec78568c128b"}
,"E:\\IT_and_programing\\Frontend\\8.0_Homeworks\\Task_7.2\\src\\js\\getTelNumber.js": {"path":"E:\\IT_and_programing\\Frontend\\8.0_Homeworks\\Task_7.2\\src\\js\\getTelNumber.js","statementMap":{"0":{"start":{"line":3,"column":17},"end":{"line":3,"column":41}},"1":{"start":{"line":4,"column":2},"end":{"line":4,"column":42}}},"fnMap":{"0":{"name":"getTelNumber","decl":{"start":{"line":2,"column":24},"end":{"line":2,"column":36}},"loc":{"start":{"line":2,"column":42},"end":{"line":5,"column":1}},"line":2}},"branchMap":{},"s":{"0":9,"1":9},"f":{"0":9},"b":{},"_coverageSchema":"1a1c01bbd47fc00a2c39e90264f33305004495a9","hash":"4fa6e63b0e01aa298f5acab04aea0ff9a709ffe6"}
}
