TN:
SF:dist\js\app.js
FN:14,getTelNumber
FNF:1
FNH:1
FNDA:4,getTelNumber
DA:1,1
DA:3,1
DA:5,1
DA:7,1
DA:9,1
DA:12,1
DA:16,4
DA:17,1
DA:20,3
DA:22,3
DA:24,1
DA:27,2
LF:12
LH:12
BRDA:16,0,0,1
BRDA:16,0,1,3
BRDA:22,1,0,1
BRDA:22,1,1,2
BRF:4
BRH:4
end_of_record
TN:
SF:src\js\getTelNumber.js
FN:2,getTelNumber
FNF:1
FNH:1
FNDA:9,getTelNumber
DA:3,9
DA:4,9
DA:5,1
DA:6,0
DA:8,1
DA:10,8
DA:11,6
DA:13,2
LF:8
LH:7
BRDA:4,0,0,1
BRDA:4,0,1,8
BRDA:5,1,0,0
BRDA:5,1,1,1
BRDA:10,2,0,6
BRDA:10,2,1,2
BRF:6
BRH:5
end_of_record
